-------------------------------------------------------------------------------
Test set: com.example.restservice.RestServiceApplicationTests
-------------------------------------------------------------------------------
Tests run: 1, Failures: 0, Errors: 1, Skipped: 0, Time elapsed: 3.972 s <<< FAILURE! - in com.example.restservice.RestServiceApplicationTests
contextLoads  Time elapsed: 0.003 s  <<< ERROR!
java.lang.IllegalStateException: Failed to load ApplicationContext
Caused by: org.springframework.beans.factory.BeanCreationException: 
Error creating bean with name 'requestMappingHandlerMapping' defined in class path resource [org/springframework/boot/autoconfigure/web/servlet/WebMvcAutoConfiguration$EnableWebMvcConfiguration.class]: Invocation of init method failed; nested exception is java.lang.IllegalStateException: Ambiguous mapping. Cannot map 'userController' method 
com.example.restservice.controllers.UserController#retrieveAll()
to {GET [/usuarios], produces [application/json]}: There is already 'clienteController' bean method
com.example.restservice.controllers.ClienteController#retrieveAll() mapped.
Caused by: java.lang.IllegalStateException: 
Ambiguous mapping. Cannot map 'userController' method 
com.example.restservice.controllers.UserController#retrieveAll()
to {GET [/usuarios], produces [application/json]}: There is already 'clienteController' bean method
com.example.restservice.controllers.ClienteController#retrieveAll() mapped.

